{
  "RSpec": {
    "coverage": {
      "/Users/michaelobrien/Programming/Projects/eds/eds-be/spec/support/devise.rb": {
        "lines": [
          1,
          1,
          null
        ]
      },
      "/Users/michaelobrien/Programming/Projects/eds/eds-be/app/models/role.rb": {
        "lines": [
          1,
          1,
          1,
          1,
          null,
          1,
          1,
          1,
          1,
          null,
          1,
          null
        ]
      },
      "/Users/michaelobrien/Programming/Projects/eds/eds-be/app/models/user_role.rb": {
        "lines": [
          1,
          1,
          1,
          null,
          1,
          null
        ]
      },
      "/Users/michaelobrien/Programming/Projects/eds/eds-be/config/routes.rb": {
        "lines": [
          1,
          null,
          null,
          null,
          null,
          1,
          null,
          null,
          null,
          1,
          null,
          null,
          null,
          null,
          null,
          null,
          null,
          null,
          null,
          1,
          1,
          null,
          1,
          null
        ]
      },
      "/Users/michaelobrien/Programming/Projects/eds/eds-be/app/controllers/readers_controller.rb": {
        "lines": [
          1,
          1,
          null,
          1,
          null,
          3,
          null,
          null,
          3,
          null,
          null,
          null,
          null,
          null,
          3,
          null,
          9,
          null,
          null,
          null,
          null,
          null,
          null,
          null,
          null,
          null,
          null,
          null,
          null,
          null,
          null,
          null,
          null,
          3,
          null,
          null,
          null,
          null,
          null,
          0,
          0,
          0,
          null,
          null,
          null,
          null,
          null,
          null
        ]
      },
      "/Users/michaelobrien/Programming/Projects/eds/eds-be/app/controllers/application_controller.rb": {
        "lines": [
          1,
          1,
          null,
          1,
          null,
          1,
          0,
          null,
          0,
          null,
          null
        ]
      }
    },
    "timestamp": 1755179472
  }
}
