{
  "RSpec": {
    "coverage": {
      "/Users/michaelobrien/Programming/Projects/eds/eds-be/app/models/user_role.rb": {
        "lines": [
          1,
          1,
          1,
          null,
          1,
          null
        ]
      },
      "/Users/michaelobrien/Programming/Projects/eds/eds-be/app/models/role.rb": {
        "lines": [
          1,
          1,
          1,
          1,
          null,
          1,
          1,
          1,
          1,
          null,
          1,
          null
        ]
      }
    },
    "timestamp": 1755113633
  }
}
